2021-19-08 06:14:28,125 [INFO] collectionLogger - Executing getCandy() method...
2021-19-08 06:14:28,127 [INFO] collectionLogger - Initial Dispenser: 
2021-19-08 06:14:28,127 [INFO] collectionLogger - Called and executing displayQueue() method...
2021-19-08 06:14:28,128 [INFO] collectionLogger - Exit displayQueue() method...
2021-19-08 06:14:28,128 [INFO] collectionLogger - Result: Blue Raspberry, Chocolate, Cola, Grape, Green Apple, Lemon, Orange, Orange, Chocolate, Orange, Peppermint, Raspberry
2021-19-08 06:14:28,128 [INFO] collectionLogger - Eating Blue Raspberry
2021-19-08 06:14:28,128 [INFO] collectionLogger - Called and executing displayQueue() method...
2021-19-08 06:14:28,129 [INFO] collectionLogger - Exit displayQueue() method...
2021-19-08 06:14:28,129 [INFO] collectionLogger - Result: Chocolate, Cola, Grape, Green Apple, Lemon, Orange, Orange, Chocolate, Orange, Peppermint, Raspberry
2021-19-08 06:14:28,129 [INFO] collectionLogger - Eating Chocolate
2021-19-08 06:14:28,129 [INFO] collectionLogger - Called and executing displayQueue() method...
2021-19-08 06:14:28,129 [INFO] collectionLogger - Exit displayQueue() method...
2021-19-08 06:14:28,129 [INFO] collectionLogger - Result: Cola, Grape, Green Apple, Lemon, Orange, Orange, Chocolate, Orange, Peppermint, Raspberry
2021-19-08 06:14:28,129 [INFO] collectionLogger - Eating Cola
2021-19-08 06:14:28,129 [INFO] collectionLogger - Called and executing displayQueue() method...
2021-19-08 06:14:28,130 [INFO] collectionLogger - Exit displayQueue() method...
2021-19-08 06:14:28,130 [INFO] collectionLogger - Result: Grape, Green Apple, Lemon, Orange, Orange, Chocolate, Orange, Peppermint, Raspberry
2021-19-08 06:14:28,130 [INFO] collectionLogger - Eating Grape
2021-19-08 06:14:28,130 [INFO] collectionLogger - Called and executing displayQueue() method...
2021-19-08 06:14:28,130 [INFO] collectionLogger - Exit displayQueue() method...
2021-19-08 06:14:28,130 [INFO] collectionLogger - Result: Green Apple, Lemon, Orange, Orange, Chocolate, Orange, Peppermint, Raspberry
2021-19-08 06:14:28,131 [INFO] collectionLogger - Eating Green Apple
2021-19-08 06:14:28,131 [INFO] collectionLogger - Called and executing displayQueue() method...
2021-19-08 06:14:28,131 [INFO] collectionLogger - Exit displayQueue() method...
2021-19-08 06:14:28,131 [INFO] collectionLogger - Result: Lemon, Orange, Orange, Chocolate, Orange, Peppermint, Raspberry
2021-19-08 06:14:28,131 [INFO] collectionLogger - Eating Lemon
2021-19-08 06:14:28,131 [INFO] collectionLogger - Called and executing displayQueue() method...
2021-19-08 06:14:28,132 [INFO] collectionLogger - Exit displayQueue() method...
2021-19-08 06:14:28,132 [INFO] collectionLogger - Result: Orange, Orange, Chocolate, Orange, Peppermint, Raspberry
2021-19-08 06:14:28,132 [INFO] collectionLogger - Eating Orange
2021-19-08 06:14:28,132 [INFO] collectionLogger - Called and executing displayQueue() method...
2021-19-08 06:14:28,132 [INFO] collectionLogger - Exit displayQueue() method...
2021-19-08 06:14:28,132 [INFO] collectionLogger - Result: Orange, Chocolate, Orange, Peppermint, Raspberry
2021-19-08 06:14:28,133 [INFO] collectionLogger - Eating Orange
2021-19-08 06:14:28,133 [INFO] collectionLogger - Called and executing displayQueue() method...
2021-19-08 06:14:28,133 [INFO] collectionLogger - Exit displayQueue() method...
2021-19-08 06:14:28,133 [INFO] collectionLogger - Result: Chocolate, Orange, Peppermint, Raspberry
2021-19-08 06:14:28,133 [INFO] collectionLogger - Eating Chocolate
2021-19-08 06:14:28,133 [INFO] collectionLogger - Called and executing displayQueue() method...
2021-19-08 06:14:28,133 [INFO] collectionLogger - Exit displayQueue() method...
2021-19-08 06:14:28,134 [INFO] collectionLogger - Result: Orange, Peppermint, Raspberry
2021-19-08 06:14:28,134 [INFO] collectionLogger - Eating Orange
2021-19-08 06:14:28,134 [INFO] collectionLogger - Called and executing displayQueue() method...
2021-19-08 06:14:28,134 [INFO] collectionLogger - Exit displayQueue() method...
2021-19-08 06:14:28,134 [INFO] collectionLogger - Result: Peppermint, Raspberry
2021-19-08 06:14:28,134 [INFO] collectionLogger - Eating Peppermint
2021-19-08 06:14:28,134 [INFO] collectionLogger - Called and executing displayQueue() method...
2021-19-08 06:14:28,135 [INFO] collectionLogger - Exit displayQueue() method...
2021-19-08 06:14:28,135 [INFO] collectionLogger - Result: Raspberry
2021-19-08 06:14:28,135 [INFO] collectionLogger - Eating Raspberry
2021-19-08 06:14:28,135 [INFO] collectionLogger - Dispenser is Empty
2021-19-08 06:14:28,135 [INFO] collectionLogger - Called and executing displayQueue() method...
2021-19-08 06:14:28,135 [INFO] collectionLogger - Exit displayQueue() method...
2021-19-08 06:14:28,136 [INFO] collectionLogger - Result: 
2021-19-08 06:14:28,136 [INFO] collectionLogger - Exiting QueueCandies class...
2021-19-08 06:14:28,145 [INFO] collectionLogger - Executing getCandy() method...
2021-19-08 06:14:28,146 [ERROR] collectionLogger - Invalid Inputs! Exiting getCandy() method from QueueCandies class...
2021-19-08 06:14:28,148 [INFO] collectionLogger - Executing getCandy() method...
2021-19-08 06:14:28,148 [FATAL] collectionLogger - null
2021-19-08 06:14:28,150 [INFO] collectionLogger - Executing getCandy() method...
2021-19-08 06:14:28,150 [INFO] collectionLogger - Initial Dispenser: 
2021-19-08 06:14:28,150 [INFO] collectionLogger - Called and executing displayQueue() method...
2021-19-08 06:14:28,150 [INFO] collectionLogger - Exit displayQueue() method...
2021-19-08 06:14:28,150 [INFO] collectionLogger - Result: Blue Raspberry, Chocolate, Cola, Grape, Green Apple, Lemon, Orange, Orange, Chocolate, Orange, Peppermint, Raspberry
2021-19-08 06:14:28,150 [INFO] collectionLogger - Eating Blue Raspberry
2021-19-08 06:14:28,151 [INFO] collectionLogger - Called and executing displayQueue() method...
2021-19-08 06:14:28,151 [INFO] collectionLogger - Exit displayQueue() method...
2021-19-08 06:14:28,151 [INFO] collectionLogger - Result: Orange, Chocolate, Orange, Peppermint, Raspberry, Chocolate, Cola, Grape, Green Apple, Lemon, Orange
2021-19-08 06:14:28,151 [INFO] collectionLogger - Eating Orange
2021-19-08 06:14:28,151 [INFO] collectionLogger - Called and executing displayQueue() method...
2021-19-08 06:14:28,152 [INFO] collectionLogger - Exit displayQueue() method...
2021-19-08 06:14:28,153 [INFO] collectionLogger - Result: Grape, Green Apple, Lemon, Orange, Chocolate, Orange, Peppermint, Raspberry, Chocolate, Cola
2021-19-08 06:14:28,153 [INFO] collectionLogger - Eating Grape
2021-19-08 06:14:28,153 [INFO] collectionLogger - Called and executing displayQueue() method...
2021-19-08 06:14:28,153 [INFO] collectionLogger - Exit displayQueue() method...
2021-19-08 06:14:28,153 [INFO] collectionLogger - Result: Raspberry, Chocolate, Cola, Green Apple, Lemon, Orange, Chocolate, Orange, Peppermint
2021-19-08 06:14:28,153 [INFO] collectionLogger - Eating Raspberry
2021-19-08 06:14:28,154 [INFO] collectionLogger - Called and executing displayQueue() method...
2021-19-08 06:14:28,154 [INFO] collectionLogger - Exit displayQueue() method...
2021-19-08 06:14:28,154 [INFO] collectionLogger - Result: Orange, Peppermint, Chocolate, Cola, Green Apple, Lemon, Orange, Chocolate
2021-19-08 06:14:28,154 [INFO] collectionLogger - Eating Orange
2021-19-08 06:14:28,154 [INFO] collectionLogger - Called and executing displayQueue() method...
2021-19-08 06:14:28,154 [INFO] collectionLogger - Exit displayQueue() method...
2021-19-08 06:14:28,154 [INFO] collectionLogger - Result: Chocolate, Peppermint, Chocolate, Cola, Green Apple, Lemon, Orange
2021-19-08 06:14:28,154 [INFO] collectionLogger - Eating Chocolate
2021-19-08 06:14:28,154 [INFO] collectionLogger - Called and executing displayQueue() method...
2021-19-08 06:14:28,155 [INFO] collectionLogger - Exit displayQueue() method...
2021-19-08 06:14:28,155 [INFO] collectionLogger - Result: Peppermint, Chocolate, Cola, Green Apple, Lemon, Orange
2021-19-08 06:14:28,155 [INFO] collectionLogger - Eating Peppermint
2021-19-08 06:14:28,155 [INFO] collectionLogger - Called and executing displayQueue() method...
2021-19-08 06:14:28,155 [INFO] collectionLogger - Exit displayQueue() method...
2021-19-08 06:14:28,155 [INFO] collectionLogger - Result: Cola, Green Apple, Lemon, Orange, Chocolate
2021-19-08 06:14:28,155 [INFO] collectionLogger - Eating Cola
2021-19-08 06:14:28,155 [INFO] collectionLogger - Called and executing displayQueue() method...
2021-19-08 06:14:28,155 [INFO] collectionLogger - Exit displayQueue() method...
2021-19-08 06:14:28,155 [INFO] collectionLogger - Result: Orange, Chocolate, Green Apple, Lemon
2021-19-08 06:14:28,156 [INFO] collectionLogger - Eating Orange
2021-19-08 06:14:28,156 [INFO] collectionLogger - Called and executing displayQueue() method...
2021-19-08 06:14:28,156 [INFO] collectionLogger - Exit displayQueue() method...
2021-19-08 06:14:28,156 [INFO] collectionLogger - Result: Chocolate, Green Apple, Lemon
2021-19-08 06:14:28,156 [INFO] collectionLogger - Eating Chocolate
2021-19-08 06:14:28,156 [INFO] collectionLogger - Called and executing displayQueue() method...
2021-19-08 06:14:28,156 [INFO] collectionLogger - Exit displayQueue() method...
2021-19-08 06:14:28,156 [INFO] collectionLogger - Result: Green Apple, Lemon
2021-19-08 06:14:28,156 [INFO] collectionLogger - Eating Green Apple
2021-19-08 06:14:28,157 [INFO] collectionLogger - Called and executing displayQueue() method...
2021-19-08 06:14:28,157 [INFO] collectionLogger - Exit displayQueue() method...
2021-19-08 06:14:28,157 [INFO] collectionLogger - Result: Lemon
2021-19-08 06:14:28,157 [INFO] collectionLogger - Eating Lemon
2021-19-08 06:14:28,157 [INFO] collectionLogger - Dispenser is Empty
2021-19-08 06:14:28,157 [INFO] collectionLogger - Called and executing displayQueue() method...
2021-19-08 06:14:28,157 [INFO] collectionLogger - Exit displayQueue() method...
2021-19-08 06:14:28,157 [INFO] collectionLogger - Result: 
2021-19-08 06:14:28,157 [INFO] collectionLogger - Exiting QueueCandies class...
